<?xml version="1.0" encoding="UTF-8"?>
<testng-results skipped="0" failed="0" total="1" passed="1">
  <reporter-output>
  </reporter-output>
  <suite name="Suite" duration-ms="16925" started-at="2016-02-28T02:03:14Z" finished-at="2016-02-28T02:03:31Z">
    <groups>
    </groups>
    <test name="Test" duration-ms="16925" started-at="2016-02-28T02:03:14Z" finished-at="2016-02-28T02:03:31Z">
      <class name="com.maven.sampletest">
        <test-method status="PASS" signature="test()[pri:0, instance:com.maven.sampletest@44a38a]" name="test" duration-ms="16886" started-at="2016-02-27T18:03:14Z" finished-at="2016-02-27T18:03:31Z">
          <reporter-output>
          </reporter-output>
        </test-method> <!-- test -->
      </class> <!-- com.maven.sampletest -->
    </test> <!-- Test -->
  </suite> <!-- Suite -->
</testng-results>
